2022-06-27 13:58:57 [@DESKTOP-31AOID7]
Interno #1: Ejecutar contract
2022-06-27 14:05:13 [@DESKTOP-31AOID7]
Interno #1: Ejecutar infocom
2022-06-27 14:06:22 [@DESKTOP-31AOID7]
Interno #1: Ejecutar mailgate
2022-06-27 14:06:52 [@DESKTOP-31AOID7]
Interno #1: Ejecutar session
2022-06-27 14:07:12 [@DESKTOP-31AOID7]
Interno #1: Ejecutar graph
2022-06-27 14:07:38 [@DESKTOP-31AOID7]
Interno #1: Ejecutar reservation
2022-06-27 14:08:58 [@DESKTOP-31AOID7]
Interno #1: Ejecutar closeticket
2022-06-27 14:09:01 [@DESKTOP-31AOID7]
Interno #1: Ejecutar alertnotclosed
2022-06-27 14:09:11 [@DESKTOP-31AOID7]
Interno #1: Ejecutar slaticket
2022-06-27 14:09:53 [@DESKTOP-31AOID7]
Interno #1: Ejecutar createinquest
2022-06-27 14:10:55 [@DESKTOP-31AOID7]
Interno #1: Ejecutar watcher
2022-06-27 14:11:27 [@DESKTOP-31AOID7]
Interno #1: Ejecutar RecurrentItems
2022-06-27 14:13:02 [@DESKTOP-31AOID7]
Interno #1: Ejecutar planningrecall
2022-06-27 14:14:49 [@DESKTOP-31AOID7]
Interno #1: Ejecutar queuednotification
